{"/Users/adesouza/Projects/node-google-dfp/gruntfile.js":{"path":"/Users/adesouza/Projects/node-google-dfp/gruntfile.js","s":{"1":1,"2":1,"3":1,"4":1,"5":1,"6":1,"7":1,"8":1,"9":1},"b":{},"f":{"1":1},"fnMap":{"1":{"name":"(anonymous_1)","line":1,"loc":{"start":{"line":1,"column":17},"end":{"line":1,"column":34}}}},"statementMap":{"1":{"start":{"line":1,"column":0},"end":{"line":36,"column":2}},"2":{"start":{"line":4,"column":2},"end":{"line":22,"column":4}},"3":{"start":{"line":24,"column":2},"end":{"line":24,"column":24}},"4":{"start":{"line":26,"column":2},"end":{"line":26,"column":45}},"5":{"start":{"line":27,"column":2},"end":{"line":27,"column":43}},"6":{"start":{"line":29,"column":2},"end":{"line":31,"column":31}},"7":{"start":{"line":33,"column":2},"end":{"line":33,"column":38}},"8":{"start":{"line":34,"column":2},"end":{"line":34,"column":38}},"9":{"start":{"line":35,"column":2},"end":{"line":35,"column":33}}},"branchMap":{}},"/Users/adesouza/Projects/node-google-dfp/spec/DfpUtils-spec.js":{"path":"/Users/adesouza/Projects/node-google-dfp/spec/DfpUtils-spec.js","s":{"1":2,"2":2,"3":2,"4":2,"5":2,"6":2,"7":2,"8":2,"9":2,"10":2,"11":2,"12":2,"13":2,"14":2,"15":2,"16":2,"17":2,"18":2,"19":2,"20":2,"21":2,"22":2,"23":2,"24":2,"25":2,"26":2,"27":2,"28":2},"b":{},"f":{"1":2,"2":2,"3":2,"4":2,"5":2,"6":2,"7":2,"8":2,"9":2},"fnMap":{"1":{"name":"(anonymous_1)","line":3,"loc":{"start":{"line":3,"column":21},"end":{"line":3,"column":33}}},"2":{"name":"(anonymous_2)","line":4,"loc":{"start":{"line":4,"column":28},"end":{"line":4,"column":40}}},"3":{"name":"(anonymous_3)","line":5,"loc":{"start":{"line":5,"column":40},"end":{"line":5,"column":52}}},"4":{"name":"(anonymous_4)","line":27,"loc":{"start":{"line":27,"column":26},"end":{"line":27,"column":38}}},"5":{"name":"(anonymous_5)","line":28,"loc":{"start":{"line":28,"column":40},"end":{"line":28,"column":52}}},"6":{"name":"(anonymous_6)","line":51,"loc":{"start":{"line":51,"column":25},"end":{"line":51,"column":37}}},"7":{"name":"(anonymous_7)","line":52,"loc":{"start":{"line":52,"column":48},"end":{"line":52,"column":60}}},"8":{"name":"(anonymous_8)","line":62,"loc":{"start":{"line":62,"column":21},"end":{"line":62,"column":33}}},"9":{"name":"(anonymous_9)","line":63,"loc":{"start":{"line":63,"column":48},"end":{"line":63,"column":60}}}},"statementMap":{"1":{"start":{"line":1,"column":0},"end":{"line":1,"column":42}},"2":{"start":{"line":3,"column":0},"end":{"line":73,"column":3}},"3":{"start":{"line":4,"column":2},"end":{"line":26,"column":5}},"4":{"start":{"line":5,"column":4},"end":{"line":25,"column":7}},"5":{"start":{"line":6,"column":6},"end":{"line":17,"column":12}},"6":{"start":{"line":19,"column":6},"end":{"line":19,"column":56}},"7":{"start":{"line":20,"column":6},"end":{"line":20,"column":58}},"8":{"start":{"line":21,"column":6},"end":{"line":21,"column":54}},"9":{"start":{"line":23,"column":6},"end":{"line":23,"column":46}},"10":{"start":{"line":24,"column":6},"end":{"line":24,"column":50}},"11":{"start":{"line":27,"column":2},"end":{"line":50,"column":5}},"12":{"start":{"line":28,"column":4},"end":{"line":49,"column":7}},"13":{"start":{"line":29,"column":6},"end":{"line":40,"column":54}},"14":{"start":{"line":42,"column":6},"end":{"line":42,"column":66}},"15":{"start":{"line":43,"column":6},"end":{"line":43,"column":60}},"16":{"start":{"line":44,"column":6},"end":{"line":44,"column":58}},"17":{"start":{"line":46,"column":6},"end":{"line":46,"column":60}},"18":{"start":{"line":47,"column":6},"end":{"line":47,"column":64}},"19":{"start":{"line":48,"column":6},"end":{"line":48,"column":64}},"20":{"start":{"line":51,"column":2},"end":{"line":61,"column":5}},"21":{"start":{"line":52,"column":4},"end":{"line":60,"column":7}},"22":{"start":{"line":53,"column":6},"end":{"line":58,"column":10}},"23":{"start":{"line":59,"column":6},"end":{"line":59,"column":93}},"24":{"start":{"line":62,"column":2},"end":{"line":72,"column":5}},"25":{"start":{"line":63,"column":4},"end":{"line":71,"column":7}},"26":{"start":{"line":64,"column":6},"end":{"line":68,"column":10}},"27":{"start":{"line":69,"column":6},"end":{"line":69,"column":75}},"28":{"start":{"line":70,"column":6},"end":{"line":70,"column":73}}},"branchMap":{}},"/Users/adesouza/Projects/node-google-dfp/lib/DfpUtils.js":{"path":"/Users/adesouza/Projects/node-google-dfp/lib/DfpUtils.js","s":{"1":1,"2":2,"3":2,"4":1,"5":2,"6":1,"7":2,"8":1,"9":0,"10":0,"11":0,"12":0,"13":0},"b":{"1":[2,0],"2":[2,0],"3":[0,0]},"f":{"1":2,"2":2,"3":2,"4":2,"5":0},"fnMap":{"1":{"name":"(anonymous_1)","line":2,"loc":{"start":{"line":2,"column":10},"end":{"line":2,"column":29}}},"2":{"name":"(anonymous_2)","line":5,"loc":{"start":{"line":5,"column":10},"end":{"line":5,"column":53}}},"3":{"name":"(anonymous_3)","line":20,"loc":{"start":{"line":20,"column":27},"end":{"line":20,"column":44}}},"4":{"name":"(anonymous_4)","line":24,"loc":{"start":{"line":24,"column":23},"end":{"line":24,"column":50}}},"5":{"name":"(anonymous_5)","line":31,"loc":{"start":{"line":31,"column":32},"end":{"line":31,"column":52}}}},"statementMap":{"1":{"start":{"line":1,"column":0},"end":{"line":18,"column":2}},"2":{"start":{"line":3,"column":4},"end":{"line":3,"column":123}},"3":{"start":{"line":6,"column":4},"end":{"line":16,"column":6}},"4":{"start":{"line":20,"column":0},"end":{"line":22,"column":2}},"5":{"start":{"line":21,"column":2},"end":{"line":21,"column":47}},"6":{"start":{"line":24,"column":0},"end":{"line":29,"column":2}},"7":{"start":{"line":25,"column":2},"end":{"line":28,"column":4}},"8":{"start":{"line":31,"column":0},"end":{"line":41,"column":2}},"9":{"start":{"line":32,"column":2},"end":{"line":33,"column":11}},"10":{"start":{"line":35,"column":2},"end":{"line":37,"column":3}},"11":{"start":{"line":36,"column":4},"end":{"line":36,"column":14}},"12":{"start":{"line":39,"column":2},"end":{"line":39,"column":37}},"13":{"start":{"line":40,"column":2},"end":{"line":40,"column":47}}},"branchMap":{"1":{"line":9,"type":"cond-expr","locations":[{"start":{"line":9,"column":63},"end":{"line":9,"column":64}},{"start":{"line":9,"column":67},"end":{"line":9,"column":73}}]},"2":{"line":10,"type":"cond-expr","locations":[{"start":{"line":10,"column":56},"end":{"line":10,"column":57}},{"start":{"line":10,"column":60},"end":{"line":10,"column":64}}]},"3":{"line":35,"type":"if","locations":[{"start":{"line":35,"column":2},"end":{"line":35,"column":2}},{"start":{"line":35,"column":2},"end":{"line":35,"column":2}}]}}}}