TN:
SF:/Users/adesouza/Projects/node-google-dfp/gruntfile.js
FN:1,(anonymous_1)
FNF:1
FNH:1
FNDA:1,(anonymous_1)
DA:1,1
DA:4,1
DA:24,1
DA:26,1
DA:27,1
DA:29,1
DA:33,1
DA:34,1
DA:35,1
LF:9
LH:9
BRF:0
BRH:0
end_of_record
TN:
SF:/Users/adesouza/Projects/node-google-dfp/spec/DfpUtils-spec.js
FN:3,(anonymous_1)
FN:4,(anonymous_2)
FN:5,(anonymous_3)
FN:27,(anonymous_4)
FN:28,(anonymous_5)
FN:51,(anonymous_6)
FN:52,(anonymous_7)
FN:62,(anonymous_8)
FN:63,(anonymous_9)
FNF:9
FNH:9
FNDA:2,(anonymous_1)
FNDA:2,(anonymous_2)
FNDA:2,(anonymous_3)
FNDA:2,(anonymous_4)
FNDA:2,(anonymous_5)
FNDA:2,(anonymous_6)
FNDA:2,(anonymous_7)
FNDA:2,(anonymous_8)
FNDA:2,(anonymous_9)
DA:1,2
DA:3,2
DA:4,2
DA:5,2
DA:6,2
DA:19,2
DA:20,2
DA:21,2
DA:23,2
DA:24,2
DA:27,2
DA:28,2
DA:29,2
DA:42,2
DA:43,2
DA:44,2
DA:46,2
DA:47,2
DA:48,2
DA:51,2
DA:52,2
DA:53,2
DA:59,2
DA:62,2
DA:63,2
DA:64,2
DA:69,2
DA:70,2
LF:28
LH:28
BRF:0
BRH:0
end_of_record
TN:
SF:/Users/adesouza/Projects/node-google-dfp/lib/DfpUtils.js
FN:2,(anonymous_1)
FN:5,(anonymous_2)
FN:20,(anonymous_3)
FN:24,(anonymous_4)
FN:31,(anonymous_5)
FNF:5
FNH:4
FNDA:2,(anonymous_1)
FNDA:2,(anonymous_2)
FNDA:2,(anonymous_3)
FNDA:2,(anonymous_4)
FNDA:0,(anonymous_5)
DA:1,1
DA:3,2
DA:6,2
DA:20,1
DA:21,2
DA:24,1
DA:25,2
DA:31,1
DA:32,0
DA:35,0
DA:36,0
DA:39,0
DA:40,0
LF:13
LH:8
BRDA:9,1,0,2
BRDA:9,1,1,0
BRDA:10,2,0,2
BRDA:10,2,1,0
BRDA:35,3,0,0
BRDA:35,3,1,0
BRF:6
BRH:2
end_of_record
