TN:
SF:/Users/adesouza/Projects/node-google-dfp/spec/DfpUtils-spec.js
FN:3,(anonymous_1)
FN:4,(anonymous_2)
FN:5,(anonymous_3)
FN:27,(anonymous_4)
FN:28,(anonymous_5)
FN:51,(anonymous_6)
FN:52,(anonymous_7)
FN:62,(anonymous_8)
FN:63,(anonymous_9)
FN:73,(anonymous_10)
FN:74,(anonymous_11)
FNF:11
FNH:11
FNDA:1,(anonymous_1)
FNDA:1,(anonymous_2)
FNDA:1,(anonymous_3)
FNDA:1,(anonymous_4)
FNDA:1,(anonymous_5)
FNDA:1,(anonymous_6)
FNDA:1,(anonymous_7)
FNDA:1,(anonymous_8)
FNDA:1,(anonymous_9)
FNDA:1,(anonymous_10)
FNDA:1,(anonymous_11)
DA:1,1
DA:3,1
DA:4,1
DA:5,1
DA:6,1
DA:19,1
DA:20,1
DA:21,1
DA:23,1
DA:24,1
DA:27,1
DA:28,1
DA:29,1
DA:42,1
DA:43,1
DA:44,1
DA:46,1
DA:47,1
DA:48,1
DA:51,1
DA:52,1
DA:53,1
DA:59,1
DA:62,1
DA:63,1
DA:64,1
DA:69,1
DA:70,1
DA:73,1
DA:74,1
DA:75,1
DA:80,1
DA:81,1
LF:33
LH:33
BRF:0
BRH:0
end_of_record
TN:
SF:/Users/adesouza/Projects/node-google-dfp/lib/DfpUtils.js
FN:2,(anonymous_1)
FN:5,(anonymous_2)
FN:20,(anonymous_3)
FN:24,(anonymous_4)
FN:31,(anonymous_5)
FNF:5
FNH:5
FNDA:1,(anonymous_1)
FNDA:1,(anonymous_2)
FNDA:1,(anonymous_3)
FNDA:1,(anonymous_4)
FNDA:2,(anonymous_5)
DA:1,1
DA:3,1
DA:6,1
DA:20,1
DA:21,1
DA:24,1
DA:25,1
DA:31,1
DA:32,2
DA:35,2
DA:36,1
DA:39,1
DA:40,1
LF:13
LH:13
BRDA:9,1,0,1
BRDA:9,1,1,0
BRDA:10,2,0,1
BRDA:10,2,1,0
BRDA:35,3,0,1
BRDA:35,3,1,1
BRF:6
BRH:4
end_of_record
